<?xml version="1.0" encoding="UTF-8"?>
<!-- Generated by org.testng.reporters.JUnitReportReporter -->
<testsuite skipped="0" hostname="prabha" name="org.testng.Testtt" tests="2" failures="0" timestamp="04 Jul 2023 09:54:11 GMT" time="0.016" errors="0">
  <testcase name="tc1" time="0.016" classname="org.testng.Testtt"/>
  <testcase name="tc5" time="0.000" classname="org.testng.Testtt"/>
</testsuite> <!-- org.testng.Testtt -->
